2025-07-07 20:26:51,171 [INFO] Activator:176 - 


2025-07-07 20:26:51,173 [INFO] Activator:177 - !SESSION log4j initialized
2025-07-07 20:26:54,006 [INFO] LogOutputStream:77 - [STDOUT_REDIRECT] 
2025-07-07 20:26:54,505 [INFO] ApplicationProperties:184 - Using Application install path: /opt/st/stm32cubeide_1.18.1/plugins/com.st.stm32cube.common.mx_6.14.1.202504091515
2025-07-07 20:26:54,518 [INFO] DbMcusXml:78 - Set database path to: /opt/st/stm32cubeide_1.18.1/plugins/com.st.stm32cube.common.mx_6.14.1.202504091515//db//mcu/
2025-07-07 20:26:54,518 [INFO] ApiDb:274 - Set plugin database path to: /opt/st/stm32cubeide_1.18.1/plugins/com.st.stm32cube.common.mx_6.14.1.202504091515//db//plugins/boardmanager/
2025-07-07 20:26:54,518 [WARN] ApiDb:259 - Overriding images path with different value:  => /opt/st/stm32cubeide_1.18.1/plugins/com.st.stm32cube.common.mx_6.14.1.202504091515//db//plugins/mcufinder/images/
2025-07-07 20:26:54,522 [INFO] ApiDb:250 - Set database path to: /home/vince/.stmcufinder/plugins/mcufinder//mcu/
2025-07-07 20:26:54,523 [INFO] DbMcusAds:125 - Set database path to: /home/vince/.stmcufinder/plugins/mcufinder//mcu/
2025-07-07 20:26:54,525 [INFO] CrossReferenceDbSqlite:203 - Set database path to: /home/vince/.stmcufinder/plugins/mcufinder//mcu/cs/
2025-07-07 20:26:54,586 [INFO] RulesReader:64 - Compatibility file has been processed (302 Rules)
2025-07-07 20:26:54,625 [INFO] DbMcusXml:78 - Set database path to: /opt/st/stm32cubeide_1.18.1/plugins/com.st.stm32cube.common.mx_6.14.1.202504091515//db//mcu/
2025-07-07 20:26:54,625 [INFO] ApiDb:274 - Set plugin database path to: /opt/st/stm32cubeide_1.18.1/plugins/com.st.stm32cube.common.mx_6.14.1.202504091515//db//plugins/boardmanager/
2025-07-07 20:26:54,625 [INFO] ApiDb:261 - Set plugin images path to: /opt/st/stm32cubeide_1.18.1/plugins/com.st.stm32cube.common.mx_6.14.1.202504091515//db//plugins/mcufinder/images/
2025-07-07 20:26:54,625 [WARN] DbFile:41 - Overriding database path with different value: /home/vince/.stmcufinder/plugins/mcufinder/ => /home/vince/.stmcufinder/plugins/mcufinder
2025-07-07 20:26:54,625 [INFO] ApiDb:250 - Set database path to: /home/vince/.stmcufinder/plugins/mcufinder//mcu/
2025-07-07 20:26:54,625 [WARN] DbFile:41 - Overriding database path with different value: /home/vince/.stmcufinder/plugins/mcufinder/ => /home/vince/.stmcufinder/plugins/mcufinder
2025-07-07 20:26:54,625 [INFO] DbMcusAds:125 - Set database path to: /home/vince/.stmcufinder/plugins/mcufinder//mcu/
2025-07-07 20:26:54,625 [WARN] DbFile:41 - Overriding database path with different value: /home/vince/.stmcufinder/plugins/mcufinder/ => /home/vince/.stmcufinder/plugins/mcufinder
2025-07-07 20:26:54,625 [WARN] DbFile:41 - Overriding database path with different value: /home/vince/.stmcufinder/plugins/mcufinder/ => /home/vince/.stmcufinder/plugins/mcufinder
2025-07-07 20:26:54,625 [INFO] CrossReferenceDbSqlite:203 - Set database path to: /home/vince/.stmcufinder/plugins/mcufinder//mcu/cs/
2025-07-07 20:26:54,669 [INFO] MainPanel:272 - HeapMemory: 268435456
2025-07-07 20:26:54,798 [INFO] DbMcusXml:78 - Set database path to: /opt/st/stm32cubeide_1.18.1/plugins/com.st.stm32cube.common.mx_6.14.1.202504091515//db//mcu/
2025-07-07 20:26:54,798 [INFO] ApiDb:274 - Set plugin database path to: /opt/st/stm32cubeide_1.18.1/plugins/com.st.stm32cube.common.mx_6.14.1.202504091515//db//plugins/boardmanager/
2025-07-07 20:26:54,798 [INFO] ApiDb:261 - Set plugin images path to: /opt/st/stm32cubeide_1.18.1/plugins/com.st.stm32cube.common.mx_6.14.1.202504091515//db//plugins/mcufinder/images/
2025-07-07 20:26:54,798 [WARN] DbFile:41 - Overriding database path with different value: /home/vince/.stmcufinder/plugins/mcufinder/ => /home/vince/.stmcufinder/plugins/mcufinder
2025-07-07 20:26:54,798 [INFO] ApiDb:250 - Set database path to: /home/vince/.stmcufinder/plugins/mcufinder//mcu/
2025-07-07 20:26:54,798 [WARN] DbFile:41 - Overriding database path with different value: /home/vince/.stmcufinder/plugins/mcufinder/ => /home/vince/.stmcufinder/plugins/mcufinder
2025-07-07 20:26:54,798 [INFO] DbMcusAds:125 - Set database path to: /home/vince/.stmcufinder/plugins/mcufinder//mcu/
2025-07-07 20:26:54,798 [WARN] DbFile:41 - Overriding database path with different value: /home/vince/.stmcufinder/plugins/mcufinder/ => /home/vince/.stmcufinder/plugins/mcufinder
2025-07-07 20:26:54,798 [WARN] DbFile:41 - Overriding database path with different value: /home/vince/.stmcufinder/plugins/mcufinder/ => /home/vince/.stmcufinder/plugins/mcufinder
2025-07-07 20:26:54,798 [INFO] CrossReferenceDbSqlite:203 - Set database path to: /home/vince/.stmcufinder/plugins/mcufinder//mcu/cs/
2025-07-07 20:26:54,807 [INFO] ApplicationProperties:184 - Using Application install path: /opt/st/stm32cubeide_1.18.1/plugins/com.st.stm32cube.common.mx_6.14.1.202504091515
2025-07-07 20:26:54,808 [INFO] PluginManage:196 - Search for loadable plugins [exclusion list=, ]
2025-07-07 20:26:54,809 [INFO] PluginManage:310 - Check plugin analytics
2025-07-07 20:26:54,901 [INFO] AnalyticsPlugin:253 - Accepted Software Licenses: STM32CubeMX.6.14.0
2025-07-07 20:26:54,901 [INFO] AnalyticsPlugin:255 - Accepted CMSIS Pack Licenses: 
2025-07-07 20:26:54,901 [INFO] AnalyticsPlugin:257 - Accepted Firmware Licenses: FW.F4.1.28.0
2025-07-07 20:26:54,902 [INFO] PluginManage:359 - Loaded plugin analytics (category:tool,tabindex:-1)
2025-07-07 20:26:54,902 [INFO] PluginManage:310 - Check plugin cadmodel
2025-07-07 20:26:54,907 [INFO] CADModel:105 - Init CAD model plugin
2025-07-07 20:26:54,907 [INFO] PluginManage:359 - Loaded plugin cadmodel (category:power,tabindex:5)
2025-07-07 20:26:54,907 [INFO] PluginManage:310 - Check plugin clock
2025-07-07 20:26:54,913 [INFO] PluginManage:359 - Loaded plugin clock (category:base,tabindex:2)
2025-07-07 20:26:54,913 [INFO] PluginManage:310 - Check plugin ddr
2025-07-07 20:26:54,915 [INFO] PluginManage:359 - Loaded plugin ddr (category:tool,tabindex:6)
2025-07-07 20:26:54,915 [INFO] PluginManage:310 - Check plugin filemanager
2025-07-07 20:26:55,010 [INFO] PluginManage:359 - Loaded plugin filemanager (category:base,tabindex:10)
2025-07-07 20:26:55,010 [INFO] PluginManage:310 - Check plugin ipmanager
2025-07-07 20:26:55,014 [INFO] PluginManage:359 - Loaded plugin ipmanager (category:base,tabindex:5)
2025-07-07 20:26:55,014 [INFO] PluginManage:310 - Check plugin lpbam
2025-07-07 20:26:55,020 [INFO] PluginManage:359 - Loaded plugin lpbam (category:base,tabindex:0)
2025-07-07 20:26:55,020 [INFO] PluginManage:310 - Check plugin memorymap
2025-07-07 20:26:55,027 [INFO] PluginManage:359 - Loaded plugin memorymap (category:base,tabindex:4)
2025-07-07 20:26:55,027 [INFO] PluginManage:310 - Check plugin pinoutandconfiguration
2025-07-07 20:26:55,034 [INFO] PluginManage:359 - Loaded plugin pinoutandconfiguration (category:base,tabindex:1)
2025-07-07 20:26:55,034 [INFO] PluginManage:310 - Check plugin pinoutconfig
2025-07-07 20:26:55,085 [WARN] SupportedApi:132 - Cannot load RTOS API schema: s4s-elt-must-match.1: The content of 'definitions' must match (annotation?, (simpleType | complexType)?, (unique | key | keyref)*)). A problem was found starting at: attribute.
2025-07-07 20:26:55,165 [INFO] PluginManage:359 - Loaded plugin pinoutconfig (category:base,tabindex:0)
2025-07-07 20:26:55,165 [INFO] PluginManage:310 - Check plugin power
2025-07-07 20:26:55,171 [INFO] PluginManage:359 - Loaded plugin power (category:power,tabindex:4)
2025-07-07 20:26:55,171 [INFO] PluginManage:310 - Check plugin projectmanager
2025-07-07 20:26:55,180 [INFO] PluginManage:359 - Loaded plugin projectmanager (category:projectmanager,tabindex:4)
2025-07-07 20:26:55,180 [INFO] PluginManage:310 - Check plugin rif
2025-07-07 20:26:55,185 [INFO] PluginManage:359 - Loaded plugin rif (category:base,tabindex:3)
2025-07-07 20:26:55,185 [INFO] PluginManage:310 - Check plugin thirdparty
2025-07-07 20:26:55,249 [INFO] PluginManage:359 - Loaded plugin thirdparty (category:base,tabindex:-1)
2025-07-07 20:26:55,249 [INFO] PluginManage:310 - Check plugin tools
2025-07-07 20:26:55,249 [WARN] IntegrityCheckThread:84 - waiting for thirdparty lock release [integrity check]
2025-07-07 20:26:55,249 [INFO] IntegrityCheckThread:86 - entering critical section [integrity check]
2025-07-07 20:26:55,250 [INFO] ThirdPartyUpdaterWithRetryManager:70 - Updater plugin not ready yet. [1/15]
2025-07-07 20:26:55,251 [INFO] PluginManage:359 - Loaded plugin tools (category:base,tabindex:7)
2025-07-07 20:26:55,251 [INFO] PluginManage:310 - Check plugin tutovideos
2025-07-07 20:26:55,349 [INFO] PluginManage:359 - Loaded plugin tutovideos (category:base,tabindex:-1)
2025-07-07 20:26:55,349 [INFO] PluginManage:310 - Check plugin updater
2025-07-07 20:26:55,362 [INFO] PluginManage:359 - Loaded plugin updater (category:base,tabindex:12)
2025-07-07 20:26:55,362 [INFO] PluginManage:310 - Check plugin userauth
2025-07-07 20:26:55,365 [INFO] UserAuth:118 - Init User Auth plugin
2025-07-07 20:26:55,365 [INFO] PluginManage:359 - Loaded plugin userauth (category:base,tabindex:14)
2025-07-07 20:26:55,365 [INFO] PluginManage:283 - PluginManage : Loaded plugins [18]
2025-07-07 20:26:55,459 [INFO] PinOutPanel:1589 - setPackage(No Configuration,No Configuration)
2025-07-07 20:26:55,505 [INFO] CADModel:165 - CPN selected for project level
2025-07-07 20:26:55,505 [INFO] CADModel:114 - Register for checkConnection events
2025-07-07 20:26:55,514 [INFO] IPUIPlugin:80 - create IPUIPlugin
2025-07-07 20:26:55,515 [INFO] PluginManager:220 - loadIPPluginJar : add ipddr
2025-07-07 20:26:55,515 [INFO] IPUIPlugin:80 - create IPUIPlugin
2025-07-07 20:26:55,516 [INFO] PluginManager:220 - loadIPPluginJar : add radio
2025-07-07 20:26:55,517 [INFO] IPUIPlugin:80 - create IPUIPlugin
2025-07-07 20:26:55,517 [INFO] PluginManager:220 - loadIPPluginJar : add cryp
2025-07-07 20:26:55,518 [INFO] IPUIPlugin:80 - create IPUIPlugin
2025-07-07 20:26:55,518 [INFO] PluginManager:220 - loadIPPluginJar : add openamp
2025-07-07 20:26:55,520 [INFO] IPUIPlugin:80 - create IPUIPlugin
2025-07-07 20:26:55,520 [INFO] PluginManager:220 - loadIPPluginJar : add pdm2pcm
2025-07-07 20:26:55,521 [INFO] IPUIPlugin:80 - create IPUIPlugin
2025-07-07 20:26:55,521 [INFO] PluginManager:220 - loadIPPluginJar : add dma3
2025-07-07 20:26:55,522 [INFO] IPUIPlugin:80 - create IPUIPlugin
2025-07-07 20:26:55,522 [INFO] PluginManager:220 - loadIPPluginJar : add quadspi
2025-07-07 20:26:55,523 [INFO] IPUIPlugin:80 - create IPUIPlugin
2025-07-07 20:26:55,523 [INFO] PluginManager:220 - loadIPPluginJar : add gfxmmu
2025-07-07 20:26:55,524 [INFO] IPUIPlugin:80 - create IPUIPlugin
2025-07-07 20:26:55,524 [INFO] PluginManager:220 - loadIPPluginJar : add tsc
2025-07-07 20:26:55,525 [INFO] IPUIPlugin:80 - create IPUIPlugin
2025-07-07 20:26:55,525 [INFO] PluginManager:220 - loadIPPluginJar : add hash
2025-07-07 20:26:55,529 [INFO] IPUIPlugin:80 - create IPUIPlugin
2025-07-07 20:26:55,529 [INFO] PluginManager:220 - loadIPPluginJar : add dma
2025-07-07 20:26:55,530 [INFO] IPUIPlugin:80 - create IPUIPlugin
2025-07-07 20:26:55,530 [INFO] PluginManager:220 - loadIPPluginJar : add usart
2025-07-07 20:26:55,532 [INFO] IPUIPlugin:80 - create IPUIPlugin
2025-07-07 20:26:55,532 [INFO] PluginManager:220 - loadIPPluginJar : add tracer_emb
2025-07-07 20:26:55,533 [INFO] IPUIPlugin:80 - create IPUIPlugin
2025-07-07 20:26:55,533 [INFO] PluginManager:220 - loadIPPluginJar : add extmemmanager
2025-07-07 20:26:55,538 [INFO] IPUIPlugin:80 - create IPUIPlugin
2025-07-07 20:26:55,538 [INFO] PluginManager:220 - loadIPPluginJar : add stm32_wpan
2025-07-07 20:26:55,539 [INFO] IPUIPlugin:80 - create IPUIPlugin
2025-07-07 20:26:55,539 [INFO] PluginManager:220 - loadIPPluginJar : add tim
2025-07-07 20:26:55,540 [INFO] IPUIPlugin:80 - create IPUIPlugin
2025-07-07 20:26:55,540 [INFO] PluginManager:220 - loadIPPluginJar : add aes
2025-07-07 20:26:55,541 [INFO] IPUIPlugin:80 - create IPUIPlugin
2025-07-07 20:26:55,541 [INFO] PluginManager:220 - loadIPPluginJar : add i2s
2025-07-07 20:26:55,544 [INFO] IPUIPlugin:80 - create IPUIPlugin
2025-07-07 20:26:55,544 [INFO] PluginManager:220 - loadIPPluginJar : add gpio
2025-07-07 20:26:55,545 [INFO] IPUIPlugin:80 - create IPUIPlugin
2025-07-07 20:26:55,545 [INFO] PluginManager:220 - loadIPPluginJar : add dfsdm
2025-07-07 20:26:55,546 [INFO] IPUIPlugin:80 - create IPUIPlugin
2025-07-07 20:26:55,546 [INFO] PluginManager:220 - loadIPPluginJar : add i3c
2025-07-07 20:26:55,548 [INFO] IPUIPlugin:80 - create IPUIPlugin
2025-07-07 20:26:55,548 [INFO] PluginManager:220 - loadIPPluginJar : add spi
2025-07-07 20:26:55,549 [INFO] IPUIPlugin:80 - create IPUIPlugin
2025-07-07 20:26:55,549 [INFO] PluginManager:220 - loadIPPluginJar : add opamp
2025-07-07 20:26:55,551 [INFO] IPUIPlugin:80 - create IPUIPlugin
2025-07-07 20:26:55,551 [INFO] PluginManager:220 - loadIPPluginJar : add ddr_ctrl_phy
2025-07-07 20:26:55,555 [INFO] IPUIPlugin:80 - create IPUIPlugin
2025-07-07 20:26:55,555 [INFO] PluginManager:220 - loadIPPluginJar : add mdma
2025-07-07 20:26:55,557 [INFO] IPUIPlugin:80 - create IPUIPlugin
2025-07-07 20:26:55,557 [INFO] PluginManager:220 - loadIPPluginJar : add nvic
2025-07-07 20:26:55,558 [INFO] IPUIPlugin:80 - create IPUIPlugin
2025-07-07 20:26:55,558 [INFO] PluginManager:220 - loadIPPluginJar : add i2c
2025-07-07 20:26:55,562 [INFO] IPUIPlugin:80 - create IPUIPlugin
2025-07-07 20:26:55,562 [INFO] PluginManager:220 - loadIPPluginJar : add linkedlist
2025-07-07 20:26:55,564 [INFO] IPUIPlugin:80 - create IPUIPlugin
2025-07-07 20:26:55,564 [INFO] PluginManager:220 - loadIPPluginJar : add fmc
2025-07-07 20:26:55,568 [INFO] IPUIPlugin:80 - create IPUIPlugin
2025-07-07 20:26:55,568 [INFO] PluginManager:220 - loadIPPluginJar : add freertos
2025-07-07 20:26:55,571 [INFO] IPUIPlugin:80 - create IPUIPlugin
2025-07-07 20:26:55,571 [INFO] PluginManager:220 - loadIPPluginJar : add resmgrutility
2025-07-07 20:26:55,574 [INFO] IPUIPlugin:80 - create IPUIPlugin
2025-07-07 20:26:55,574 [INFO] PluginManager:220 - loadIPPluginJar : add gic
2025-07-07 20:26:55,577 [INFO] IPUIPlugin:80 - create IPUIPlugin
2025-07-07 20:26:55,579 [INFO] PluginManager:220 - loadIPPluginJar : add plateformsettings
2025-07-07 20:26:55,580 [INFO] IPUIPlugin:80 - create IPUIPlugin
2025-07-07 20:26:55,580 [INFO] PluginManager:220 - loadIPPluginJar : add ucpd
2025-07-07 20:26:55,582 [INFO] IPUIPlugin:80 - create IPUIPlugin
2025-07-07 20:26:55,582 [INFO] PluginManager:220 - loadIPPluginJar : add usbx
2025-07-07 20:26:55,582 [INFO] IPUIPlugin:80 - create IPUIPlugin
2025-07-07 20:26:55,582 [INFO] PluginManager:220 - loadIPPluginJar : add genericplugin
2025-07-07 20:26:55,583 [INFO] IPUIPlugin:80 - create IPUIPlugin
2025-07-07 20:26:55,583 [INFO] PluginManager:220 - loadIPPluginJar : add ltdc
2025-07-07 20:26:55,585 [INFO] IPUIPlugin:80 - create IPUIPlugin
2025-07-07 20:26:55,585 [INFO] PluginManager:220 - loadIPPluginJar : add touchsensing
2025-07-07 20:26:55,586 [INFO] IPUIPlugin:80 - create IPUIPlugin
2025-07-07 20:26:55,586 [INFO] PluginManager:220 - loadIPPluginJar : add fatfs
2025-07-07 20:26:55,587 [INFO] IPUIPlugin:80 - create IPUIPlugin
2025-07-07 20:26:55,587 [INFO] PluginManager:220 - loadIPPluginJar : add ts
2025-07-07 20:26:55,588 [INFO] IPUIPlugin:80 - create IPUIPlugin
2025-07-07 20:26:55,588 [INFO] PluginManager:220 - loadIPPluginJar : add can
2025-07-07 20:26:55,589 [INFO] IPUIPlugin:80 - create IPUIPlugin
2025-07-07 20:26:55,589 [INFO] PluginManager:220 - loadIPPluginJar : add comp
2025-07-07 20:26:55,590 [INFO] IPUIPlugin:80 - create IPUIPlugin
2025-07-07 20:26:55,590 [INFO] PluginManager:220 - loadIPPluginJar : add lorawan
2025-07-07 20:26:55,592 [INFO] IPUIPlugin:80 - create IPUIPlugin
2025-07-07 20:26:55,592 [INFO] PluginManager:220 - loadIPPluginJar : add gtzc
2025-07-07 20:26:55,594 [INFO] IPUIPlugin:80 - create IPUIPlugin
2025-07-07 20:26:55,594 [INFO] PluginManager:220 - loadIPPluginJar : add sai
2025-07-07 20:26:55,598 [INFO] IPUIPlugin:80 - create IPUIPlugin
2025-07-07 20:26:55,598 [INFO] PluginManager:220 - loadIPPluginJar : add adc
2025-07-07 20:26:55,688 [FATAL] Updater:351 - Updater called before beeing initialized
2025-07-07 20:26:55,721 [INFO] RulesReader:64 - Compatibility file has been processed (302 Rules)
2025-07-07 20:26:55,731 [INFO] RulesReader:64 - Compatibility file has been processed (302 Rules)
2025-07-07 20:26:55,735 [INFO] CADModel:165 - CPN selected for project level
2025-07-07 20:26:55,736 [INFO] CADModel:114 - Register for checkConnection events
2025-07-07 20:26:55,736 [FATAL] Updater:351 - Updater called before beeing initialized
2025-07-07 20:26:55,736 [ERROR] CADModel:125 - Updater not yet initialized, retry later 
2025-07-07 20:26:55,816 [FATAL] Updater:351 - Updater called before beeing initialized
2025-07-07 20:26:55,818 [INFO] CADModel:165 - CPN selected for project level
2025-07-07 20:26:55,818 [INFO] CADModel:114 - Register for checkConnection events
2025-07-07 20:26:55,818 [FATAL] Updater:351 - Updater called before beeing initialized
2025-07-07 20:26:55,818 [ERROR] CADModel:125 - Updater not yet initialized, retry later 
2025-07-07 20:26:55,820 [FATAL] Updater:351 - Updater called before beeing initialized
2025-07-07 20:26:55,864 [FATAL] Updater:351 - Updater called before beeing initialized
2025-07-07 20:26:55,866 [INFO] DbMcusAds:53 - JSON generation date=Wed May 07 05:07:55 EDT 2025 (1746608875484)
2025-07-07 20:26:55,866 [FATAL] Updater:351 - Updater called before beeing initialized
2025-07-07 20:26:55,887 [WARN] DetailPanel:346 - Failed to get advertising image, set to default
2025-07-07 20:26:56,019 [FATAL] Updater:351 - Updater called before beeing initialized
2025-07-07 20:26:56,021 [FATAL] Updater:351 - Updater called before beeing initialized
2025-07-07 20:26:56,021 [FATAL] Updater:351 - Updater called before beeing initialized
2025-07-07 20:26:56,021 [WARN] DetailPanel:346 - Failed to get advertising image, set to default
2025-07-07 20:26:56,021 [FATAL] Updater:351 - Updater called before beeing initialized
2025-07-07 20:26:56,038 [ERROR] Updater:1198 - MainUpdater not yet initialized. External WinMGr cannot be set.
2025-07-07 20:26:56,039 [INFO] Updater:1134 - Updater Version found : 6.14.1
2025-07-07 20:26:56,053 [INFO] ApplicationProperties:184 - Using Application install path: /opt/st/stm32cubeide_1.18.1/plugins/com.st.stm32cube.common.mx_6.14.1.202504091515
2025-07-07 20:26:56,300 [INFO] MainUpdater:2872 - connection check result : 10
2025-07-07 20:26:56,300 [INFO] MainUpdater:3566 - Updater definition file requires update
2025-07-07 20:26:56,300 [INFO] MainUpdater:289 - Updater Check For Update Now.
2025-07-07 20:26:56,301 [INFO] MicroXplorer:498 - Change Database Version : DB.6.0.141
2025-07-07 20:26:56,308 [INFO] McuFinderGlobals:63 - Set McuFinder mode to 2 (CubeIDE integrated)
2025-07-07 20:26:56,309 [INFO] UserAuth:171 - activating auth plugin
2025-07-07 20:26:56,310 [INFO] UserAuth:484 - Internet connection configuration mode: 1
2025-07-07 20:26:56,324 [INFO] JxBrowserEngine:152 - Initiate JxBrowser Engine with user profile folder
2025-07-07 20:26:56,404 [INFO] ServerAccessManage:473 - Download File updaters.zip
2025-07-07 20:26:56,502 [INFO] FileExtend:242 - Unzip File : updaters.zip
2025-07-07 20:26:56,502 [INFO] FileExtend:257 - Standard Zip Deflate
2025-07-07 20:26:56,630 [INFO] ServerAccessManage:473 - Download File PacksControlFlags.xml
2025-07-07 20:26:56,714 [INFO] ServerAccessManage:473 - Download File cubemx.pidx
2025-07-07 20:26:56,979 [INFO] ServerAccessManage:473 - Download File STMicroelectronics.FP-SNS-STAIOTCFT.pdsc
2025-07-07 20:26:57,148 [INFO] WebApp:169 - Instantiating new browser for Auth
2025-07-07 20:26:57,264 [INFO] ServerAccessManage:473 - Download File STMicroelectronics.X-CUBE-MEMS1.pdsc
2025-07-07 20:26:57,697 [INFO] WebApp:463 - Apply proxy settings
2025-07-07 20:26:57,697 [INFO] WebApp:548 - Chromium requires no authentication
2025-07-07 20:26:57,701 [INFO] WebApp:491 - Direct internet connection detected
2025-07-07 20:26:57,709 [INFO] WebApp:894 - Register for checkConnection events
2025-07-07 20:26:57,709 [INFO] WebApp:463 - Apply proxy settings
2025-07-07 20:26:57,710 [INFO] WebApp:548 - Chromium requires no authentication
2025-07-07 20:26:57,710 [INFO] WebApp:491 - Direct internet connection detected
2025-07-07 20:26:57,781 [INFO] WebApp:225 - Starting web application
2025-07-07 20:26:57,781 [INFO] WebApp:593 - Web application path used /opt/st/stm32cubeide_1.18.1/plugins/com.st.stm32cube.common.mx_6.14.1.202504091515/db/plugins/mcufinder/reactClient1/index.html
2025-07-07 20:26:57,964 [INFO] WebApp:191 - Connection restablished
2025-07-07 20:26:58,251 [WARN] MainUpdater:1193 - Updater busy. Cannot search thirdparties
2025-07-07 20:26:58,251 [INFO] ThirdPartyUpdaterWithRetryManager:96 - Updater plugin is busy. [1/15]
2025-07-07 20:26:59,252 [INFO] ServerAccessManage:473 - Download File STMicroelectronics.X-CUBE-PM33A1.pdsc
2025-07-07 20:26:59,443 [INFO] ServerAccessManage:473 - Download File STMicroelectronics.X-CUBE-AZRTOS-H7.pdsc
2025-07-07 20:27:00,783 [WARN] PackLoader:240 - Cannot read IP mode file for STMicroelectronics.FP-SNS-STAIOTCFT.1.0.0
2025-07-07 20:27:00,819 [WARN] PackLoader:240 - Cannot read IP mode file for STMicroelectronics.X-CUBE-MEMS1.11.3.0
2025-07-07 20:27:00,884 [WARN] PackLoader:240 - Cannot read IP mode file for STMicroelectronics.X-CUBE-PM33A1.1.0.0
2025-07-07 20:27:00,894 [WARN] PackLoader:240 - Cannot read IP mode file for STMicroelectronics.X-CUBE-AZRTOS-H7.3.4.0
2025-07-07 20:27:00,895 [INFO] CheckServerUpdateThread:120 - End of CheckServer Thread
2025-07-07 20:27:00,895 [INFO] PopulateThirdPartyThread:66 - Ending populate Thread
2025-07-07 20:27:00,896 [INFO] ThirdParty:1030 - CMSIS Pack Vendor :STMicroelectronics X-CUBE-PM33A1 1.0.0
2025-07-07 20:27:00,896 [INFO] ThirdParty:1030 - CMSIS Pack Vendor :STMicroelectronics X-CUBE-AZRTOS-H7 3.4.0
2025-07-07 20:27:00,896 [INFO] ThirdParty:1030 - CMSIS Pack Vendor :STMicroelectronics FP-SNS-STAIOTCFT 1.0.0
2025-07-07 20:27:00,896 [INFO] ThirdParty:1030 - CMSIS Pack Vendor :STMicroelectronics X-CUBE-MEMS1 11.3.0
2025-07-07 20:27:00,896 [INFO] LoadServerUpdatesThread:375 - End of LoadServerUpdate Thread
2025-07-07 20:27:01,311 [WARN] PackLoader:240 - Cannot read IP mode file for STMicroelectronics.FP-SNS-MOTENVWB1.1.4.0
2025-07-07 20:27:01,313 [WARN] PackLoader:240 - Cannot read IP mode file for STMicroelectronics.FP-ATR-ASTRA1.2.0.2
2025-07-07 20:27:01,315 [WARN] PackLoader:240 - Cannot read IP mode file for STMicroelectronics.X-CUBE-SMBUS.2.1.0
2025-07-07 20:27:01,318 [WARN] PackLoader:240 - Cannot read IP mode file for STMicroelectronics.X-CUBE-WB05N.1.1.0
2025-07-07 20:27:01,319 [WARN] PackLoader:240 - Cannot read IP mode file for STMicroelectronics.X-CUBE-ST60.1.0.0
2025-07-07 20:27:01,325 [WARN] PackLoader:240 - Cannot read IP mode file for STMicroelectronics.X-CUBE-AZRTOS-F7.1.1.0
2025-07-07 20:27:01,334 [WARN] PackLoader:240 - Cannot read IP mode file for Infineon.AIROC-Wi-Fi-Bluetooth-STM32.1.7.0
2025-07-07 20:27:01,343 [WARN] PackLoader:240 - Cannot read IP mode file for STMicroelectronics.X-CUBE-AZRTOS-H7.3.4.0
2025-07-07 20:27:01,347 [WARN] PackLoader:240 - Cannot read IP mode file for STMicroelectronics.X-CUBE-DISPLAY.3.0.0
2025-07-07 20:27:01,351 [WARN] PackLoader:240 - Cannot read IP mode file for STMicroelectronics.X-CUBE-NFC10.1.0.0
2025-07-07 20:27:01,355 [WARN] PackLoader:240 - Cannot read IP mode file for STMicroelectronics.X-CUBE-BLEMGR.4.0.0
2025-07-07 20:27:01,358 [WARN] PackLoader:240 - Cannot read IP mode file for emotas.I-CUBE-CANOPEN.1.3.0
2025-07-07 20:27:01,360 [WARN] ConditionMgr:438 - getConditionDescription Invalid condition id : Cortex-A Device cause : null
2025-07-07 20:27:01,364 [WARN] ConditionMgr:1044 - genDependencies : Invalid condition id : Cortex-A Device cause : null
2025-07-07 20:27:01,364 [WARN] ConditionMgr:1044 - genDependencies : Invalid condition id : Cortex-A Device cause : null
2025-07-07 20:27:01,364 [WARN] ConditionMgr:1044 - genDependencies : Invalid condition id : Cortex-A Device cause : null
2025-07-07 20:27:01,365 [WARN] PackLoader:240 - Cannot read IP mode file for STMicroelectronics.X-CUBE-AI.10.0.0
2025-07-07 20:27:01,367 [WARN] PackLoader:240 - Cannot read IP mode file for STMicroelectronics.FP-SNS-SMARTAG2.1.2.0
2025-07-07 20:27:01,369 [WARN] PackLoader:240 - Cannot read IP mode file for STMicroelectronics.FP-SNS-FLIGHT1.5.1.0
2025-07-07 20:27:01,384 [WARN] PackLoader:240 - Cannot read IP mode file for STMicroelectronics.X-CUBE-MEMS1.11.1.0
2025-07-07 20:27:01,480 [INFO] LogOutputStream:77 - [STDOUT_REDIRECT] 1 : Invalid condition id : UX_CORESTACK_Condition cause : null
2025-07-07 20:27:01,480 [INFO] LogOutputStream:77 - [STDOUT_REDIRECT] 1 : Invalid condition id : UX_CORESTACK_Condition cause : null
2025-07-07 20:27:01,480 [INFO] LogOutputStream:77 - [STDOUT_REDIRECT] 1 : Invalid condition id : UX_CORESTACK_Condition cause : null
2025-07-07 20:27:01,480 [INFO] LogOutputStream:77 - [STDOUT_REDIRECT] 1 : Invalid condition id : UX_CORESTACK_Condition cause : null
2025-07-07 20:27:01,481 [INFO] LogOutputStream:77 - [STDOUT_REDIRECT] 1 : Invalid condition id : UX_CORESTACK_Condition cause : null
2025-07-07 20:27:01,481 [WARN] PackLoader:240 - Cannot read IP mode file for STMicroelectronics.X-CUBE-AZRTOS-WL.2.0.0
2025-07-07 20:27:01,484 [WARN] PackLoader:240 - Cannot read IP mode file for STMicroelectronics.FP-SNS-MOTENV1.5.0.0
2025-07-07 20:27:01,487 [WARN] PackLoader:240 - Cannot read IP mode file for WES.I-CUBE-Cesium.1.3.0
2025-07-07 20:27:01,488 [WARN] PackLoader:240 - Cannot read IP mode file for STMicroelectronics.X-CUBE-BLE2.3.3.0
2025-07-07 20:27:01,491 [WARN] PackLoader:240 - Cannot read IP mode file for STMicroelectronics.X-CUBE-NFC9.1.0.0
2025-07-07 20:27:01,493 [WARN] PackLoader:240 - Cannot read IP mode file for STMicroelectronics.X-CUBE-BLE1.7.1.0
2025-07-07 20:27:01,494 [WARN] PackLoader:240 - Cannot read IP mode file for wolfSSL.I-CUBE-wolfMQTT.1.19.2
2025-07-07 20:27:01,496 [WARN] PackLoader:240 - Cannot read IP mode file for STMicroelectronics.X-CUBE-AI.10.1.0
2025-07-07 20:27:01,509 [WARN] PackLoader:240 - Cannot read IP mode file for STMicroelectronics.X-CUBE-MEMS1.11.2.0
2025-07-07 20:27:01,543 [WARN] PackLoader:240 - Cannot read IP mode file for STMicroelectronics.X-CUBE-AZRTOS-G0.1.1.0
2025-07-07 20:27:01,546 [WARN] PackLoader:240 - Cannot read IP mode file for STMicroelectronics.X-CUBE-SAFEA1.1.2.2
2025-07-07 20:27:01,548 [WARN] PackLoader:240 - Cannot read IP mode file for STMicroelectronics.X-CUBE-NFC4.3.0.0
2025-07-07 20:27:01,552 [WARN] PackLoader:240 - Cannot read IP mode file for EmbeddedOffice.I-CUBE-FS-RTOS.1.0.1
2025-07-07 20:27:01,553 [WARN] PackLoader:240 - Cannot read IP mode file for STMicroelectronics.X-CUBE-WB05N.2.0.0
2025-07-07 20:27:01,555 [WARN] PackLoader:240 - Cannot read IP mode file for wolfSSL.I-CUBE-wolfTPM.3.8.0
2025-07-07 20:27:01,556 [WARN] PackLoader:240 - Cannot read IP mode file for STMicroelectronics.X-CUBE-TCPP.4.2.0
2025-07-07 20:27:01,558 [WARN] PackLoader:240 - Cannot read IP mode file for RealThread.X-CUBE-RT-Thread_Nano.4.1.1
2025-07-07 20:27:01,559 [WARN] PackLoader:240 - Cannot read IP mode file for STMicroelectronics.FP-ATR-SIGFOX1.3.2.0
2025-07-07 20:27:01,561 [WARN] PackLoader:240 - Cannot read IP mode file for STMicroelectronics.X-CUBE-EEPRMA1.5.1.0
2025-07-07 20:27:01,563 [WARN] PackLoader:240 - Cannot read IP mode file for wolfSSL.I-CUBE-wolfSSL.5.7.6
2025-07-07 20:27:01,565 [WARN] PackLoader:240 - Cannot read IP mode file for ITTIA_DB.I-CUBE-ITTIADB.8.9.0
2025-07-07 20:27:01,567 [WARN] PackLoader:240 - Cannot read IP mode file for STMicroelectronics.X-CUBE-ST67W61.1.0.0
2025-07-07 20:27:01,575 [WARN] PackLoader:240 - Cannot read IP mode file for SEGGER.I-CUBE-embOS.1.3.1
2025-07-07 20:27:01,588 [WARN] PackLoader:240 - Cannot read IP mode file for STMicroelectronics.X-CUBE-ALGOBUILD.1.4.0
2025-07-07 20:27:01,600 [WARN] PackLoader:240 - Cannot read IP mode file for STMicroelectronics.X-CUBE-MEMS1.11.3.0
2025-07-07 20:27:01,654 [WARN] PackLoader:240 - Cannot read IP mode file for STMicroelectronics.X-CUBE-PM33A1.1.0.0
2025-07-07 20:27:01,659 [WARN] PackLoader:240 - Cannot read IP mode file for STMicroelectronics.X-CUBE-AZRTOS-F4.1.1.0
2025-07-07 20:27:01,661 [WARN] PackLoader:240 - Cannot read IP mode file for Avnet-IotConnect.X-CUBE-IoTC-DA16k-PMOD.1.0.0
2025-07-07 20:27:01,663 [WARN] PackLoader:240 - Cannot read IP mode file for STMicroelectronics.X-CUBE-ISPU.2.1.0
2025-07-07 20:27:01,668 [WARN] PackLoader:240 - Cannot read IP mode file for STMicroelectronics.X-CUBE-AZRTOS-L5.2.0.0
2025-07-07 20:27:01,671 [WARN] PackLoader:240 - Cannot read IP mode file for STMicroelectronics.X-CUBE-NFC6.3.1.0
2025-07-07 20:27:01,674 [WARN] PackLoader:240 - Cannot read IP mode file for STMicroelectronics.X-CUBE-FREERTOS.1.3.1
2025-07-07 20:27:01,676 [WARN] PackLoader:240 - Cannot read IP mode file for STMicroelectronics.X-CUBE-FREERTOS.1.3.0
2025-07-07 20:27:01,678 [WARN] PackLoader:240 - Cannot read IP mode file for STMicroelectronics.X-CUBE-NFC7.1.0.1
2025-07-07 20:27:01,680 [WARN] PackLoader:240 - Cannot read IP mode file for STMicroelectronics.FP-SNS-STAIOTCFT.1.0.0
2025-07-07 20:27:01,682 [WARN] PackLoader:240 - Cannot read IP mode file for STMicroelectronics.X-CUBE-DPower.1.3.0
2025-07-07 20:27:01,687 [WARN] ConditionMgr:438 - getConditionDescription Invalid condition id : LAN8742 Phy interface Condition cause : null
2025-07-07 20:27:01,688 [WARN] PackLoader:240 - Cannot read IP mode file for STMicroelectronics.X-CUBE-AZRTOS-L4.2.0.0
2025-07-07 20:27:01,688 [WARN] ConditionMgr:1044 - genDependencies : Invalid condition id : LAN8742 Phy interface Condition cause : null
2025-07-07 20:27:01,688 [WARN] ConditionMgr:1044 - genDependencies : Invalid condition id : LAN8742 Phy interface Condition cause : null
2025-07-07 20:27:01,689 [WARN] ConditionMgr:1044 - genDependencies : Invalid condition id : LAN8742 Phy interface Condition cause : null
2025-07-07 20:27:01,691 [WARN] PackLoader:240 - Cannot read IP mode file for STMicroelectronics.X-CUBE-SFXS2LP1.4.0.0
2025-07-07 20:27:01,698 [WARN] PackLoader:240 - Cannot read IP mode file for STMicroelectronics.X-CUBE-AZRTOS-H7.3.3.0
2025-07-07 20:27:01,704 [WARN] ConditionMgr:438 - getConditionDescription Invalid condition id : UX DEVICE CLASS RTOS Condition cause : null
2025-07-07 20:27:01,704 [WARN] ConditionMgr:438 - getConditionDescription Invalid condition id : UX DEVICE CLASS RTOS Condition cause : null
2025-07-07 20:27:01,705 [WARN] PackLoader:240 - Cannot read IP mode file for STMicroelectronics.X-CUBE-AZRTOS-WB.2.0.0
2025-07-07 20:27:01,705 [WARN] ConditionMgr:1044 - genDependencies : Invalid condition id : UX DEVICE CLASS RTOS Condition cause : null
2025-07-07 20:27:01,705 [WARN] ConditionMgr:1044 - genDependencies : Invalid condition id : UX DEVICE CLASS RTOS Condition cause : null
2025-07-07 20:27:01,705 [WARN] ConditionMgr:1044 - genDependencies : Invalid condition id : UX DEVICE CLASS RTOS Condition cause : null
2025-07-07 20:27:01,705 [WARN] ConditionMgr:1044 - genDependencies : Invalid condition id : UX DEVICE CLASS RTOS Condition cause : null
2025-07-07 20:27:01,705 [WARN] ConditionMgr:1044 - genDependencies : Invalid condition id : UX DEVICE CLASS RTOS Condition cause : null
2025-07-07 20:27:01,707 [WARN] PackLoader:240 - Cannot read IP mode file for STMicroelectronics.X-CUBE-GNSS1.7.0.1
2025-07-07 20:27:01,709 [WARN] PackLoader:240 - Cannot read IP mode file for STMicroelectronics.X-CUBE-TOUCHGFX.4.25.0
2025-07-07 20:27:01,711 [WARN] PackLoader:240 - Cannot read IP mode file for STMicroelectronics.FP-SNS-STBOX1.2.0.0
2025-07-07 20:27:01,715 [WARN] PackLoader:240 - Cannot read IP mode file for STMicroelectronics.X-CUBE-SUBG2.5.0.0
2025-07-07 20:27:01,723 [WARN] PackLoader:240 - Cannot read IP mode file for STMicroelectronics.X-CUBE-AZRTOS-H7RS.1.1.0
2025-07-07 20:27:01,725 [WARN] PackLoader:240 - Cannot read IP mode file for Cesanta.I-CUBE-Mongoose.7.13.0
2025-07-07 20:27:01,730 [WARN] PackLoader:240 - Cannot read IP mode file for STMicroelectronics.X-CUBE-AZRTOS-G4.2.0.0
2025-07-07 20:27:01,732 [WARN] PackLoader:240 - Cannot read IP mode file for wolfSSL.I-CUBE-wolfSSH.1.4.20
2025-07-07 20:27:01,733 [WARN] PackLoader:240 - Cannot read IP mode file for STMicroelectronics.X-CUBE-NFC7.2.0.0
2025-07-07 20:27:01,737 [WARN] PackLoader:240 - Cannot read IP mode file for STMicroelectronics.X-CUBE-IPS.3.1.0
2025-07-07 20:27:01,740 [WARN] PackLoader:240 - Cannot read IP mode file for STMicroelectronics.X-CUBE-ALS.1.0.2
2025-07-07 20:27:01,742 [WARN] PackLoader:240 - Cannot read IP mode file for portGmbH.I-Cube-SoM-uGOAL.1.1.0
2025-07-07 20:27:01,746 [WARN] PackLoader:240 - Cannot read IP mode file for STMicroelectronics.X-CUBE-TOF1.3.4.2
2025-07-07 20:27:01,752 [WARN] PackLoader:240 - Cannot read IP mode file for STMicroelectronics.X-CUBE-TOF1.3.4.3
2025-07-07 20:27:01,755 [INFO] ThirdParty:978 - Integrity check success = true
2025-07-07 20:27:01,756 [INFO] IntegrityCheckThread:100 - exiting critical section [integrity check]
2025-07-07 20:27:01,756 [INFO] IntegrityCheckThread:103 - End integrity checks thread
2025-07-07 22:53:02,578 [ERROR] AdobePublisher:162 - Exception while opening the connection: java.net.ConnectException: Connection refused
2025-07-07 22:53:02,579 [ERROR] AdobePublisher:162 - Exception while opening the connection: java.net.ConnectException: Connection refused
2025-07-07 22:53:02,579 [ERROR] AdobePublisher:162 - Exception while opening the connection: java.net.ConnectException: Connection refused
2025-07-07 22:53:02,579 [ERROR] AdobePublisher:162 - Exception while opening the connection: java.net.ConnectException: Connection refused
2025-07-07 22:53:02,580 [ERROR] AdobePublisher:162 - Exception while opening the connection: java.net.ConnectException: Connection refused
2025-07-07 22:53:52,766 [ERROR] AdobePublisher:162 - Exception while opening the connection: java.net.ConnectException: Connection refused
2025-07-07 22:53:52,767 [ERROR] AdobePublisher:162 - Exception while opening the connection: java.net.ConnectException: Connection refused
2025-07-07 22:53:52,767 [ERROR] AdobePublisher:162 - Exception while opening the connection: java.net.ConnectException: Connection refused
2025-07-07 22:53:52,768 [ERROR] AdobePublisher:162 - Exception while opening the connection: java.net.ConnectException: Connection refused
2025-07-07 22:53:52,768 [ERROR] AdobePublisher:162 - Exception while opening the connection: java.net.ConnectException: Connection refused
2025-07-07 22:55:04,533 [ERROR] AdobePublisher:162 - Exception while opening the connection: java.net.ConnectException: Connection refused
2025-07-07 22:55:04,534 [ERROR] AdobePublisher:162 - Exception while opening the connection: java.net.ConnectException: Connection refused
2025-07-07 22:55:04,534 [ERROR] AdobePublisher:162 - Exception while opening the connection: java.net.ConnectException: Connection refused
2025-07-07 22:55:04,535 [ERROR] AdobePublisher:162 - Exception while opening the connection: java.net.ConnectException: Connection refused
2025-07-07 22:55:04,535 [ERROR] AdobePublisher:162 - Exception while opening the connection: java.net.ConnectException: Connection refused
2025-07-07 22:55:45,386 [INFO] WebApp:194 - Connection lost
2025-07-07 22:56:05,282 [INFO] WebApp:191 - Connection restablished
2025-07-07 22:57:03,460 [INFO] WebApp:194 - Connection lost
2025-07-07 22:58:58,907 [INFO] WebApp:191 - Connection restablished
2025-07-07 23:07:17,035 [ERROR] AdobePublisher:162 - Exception while opening the connection: java.net.ConnectException: Connection refused
2025-07-07 23:07:17,037 [ERROR] AdobePublisher:162 - Exception while opening the connection: java.net.ConnectException: Connection refused
2025-07-07 23:07:17,038 [ERROR] AdobePublisher:162 - Exception while opening the connection: java.net.ConnectException: Connection refused
2025-07-07 23:07:17,039 [ERROR] AdobePublisher:162 - Exception while opening the connection: java.net.ConnectException: Connection refused
2025-07-07 23:07:17,040 [ERROR] AdobePublisher:162 - Exception while opening the connection: java.net.ConnectException: Connection refused
2025-07-07 23:08:09,451 [ERROR] AdobePublisher:162 - Exception while opening the connection: java.net.ConnectException: Connection refused
2025-07-07 23:08:09,451 [ERROR] AdobePublisher:162 - Exception while opening the connection: java.net.ConnectException: Connection refused
2025-07-07 23:08:09,452 [ERROR] AdobePublisher:162 - Exception while opening the connection: java.net.ConnectException: Connection refused
2025-07-07 23:08:09,452 [ERROR] AdobePublisher:162 - Exception while opening the connection: java.net.ConnectException: Connection refused
2025-07-07 23:08:09,452 [ERROR] AdobePublisher:162 - Exception while opening the connection: java.net.ConnectException: Connection refused
